<?xml version="1.0" encoding="UTF-8"?>
<!-- Generated by org.testng.reporters.JUnitReportReporter -->
<testsuite skipped="0" hostname="IVEE" name="scripts.Scripts04" tests="1" failures="0" timestamp="2024-06-08T18:58:04 IST" time="10.954" errors="0">
  <testcase name="dropDown" time="10.954" classname="scripts.Scripts04"/>
  <system-out/>
</testsuite> <!-- scripts.Scripts04 -->
