<?xml version="1.0" encoding="UTF-8"?>
<!-- Generated by org.testng.reporters.JUnitReportReporter -->
<testsuite skipped="0" hostname="IVEE" name="scripts.Script05" tests="1" failures="0" timestamp="2024-06-08T19:00:02 IST" time="12.175" errors="0">
  <testcase name="scrollDown" time="12.175" classname="scripts.Script05"/>
  <system-out/>
</testsuite> <!-- scripts.Script05 -->
